[1124/205331.473:ERROR:directory_reader_win.cc(43)] FindFirstFile: The system cannot find the path specified. (0x3)
[1125/221102.112:ERROR:directory_reader_win.cc(43)] FindFirstFile: The system cannot find the path specified. (0x3)
[1125/234951.035:ERROR:process_memory_win.cc(73)] ReadMemory at 0x7ff6f6a70000 of 64 bytes failed: Only part of a ReadProcessMemory or WriteProcessMemory request was completed. (0x12B)
[1125/234951.608:WARNING:pe_image_reader.cc(340)] could not read dos header from C:\Program Files (x86)\Google\Chrome\Application\chrome.exe
[1125/234951.608:ERROR:process_memory_win.cc(73)] ReadMemory at 0x7fff898c0000 of 64 bytes failed: Only part of a ReadProcessMemory or WriteProcessMemory request was completed. (0x12B)
[1125/234951.869:WARNING:pe_image_reader.cc(340)] could not read dos header from C:\WINDOWS\SYSTEM32\ntdll.dll
[1125/234951.869:ERROR:process_memory_win.cc(73)] ReadMemory at 0x7fff88080000 of 64 bytes failed: Only part of a ReadProcessMemory or WriteProcessMemory request was completed. (0x12B)
[1125/234951.870:WARNING:pe_image_reader.cc(340)] could not read dos header from C:\WINDOWS\System32\KERNEL32.DLL
[1125/234951.870:ERROR:process_memory_win.cc(73)] ReadMemory at 0x7fff87400000 of 64 bytes failed: Only part of a ReadProcessMemory or WriteProcessMemory request was completed. (0x12B)
[1125/234951.870:WARNING:pe_image_reader.cc(340)] could not read dos header from C:\WINDOWS\System32\KERNELBASE.dll
[1125/234951.870:ERROR:process_memory_win.cc(73)] ReadMemory at 0x7fff53230000 of 64 bytes failed: Only part of a ReadProcessMemory or WriteProcessMemory request was completed. (0x12B)
[1125/234951.870:WARNING:pe_image_reader.cc(340)] could not read dos header from C:\Program Files (x86)\Google\Chrome\Application\87.0.4280.66\chrome_elf.dll
[1125/234951.871:ERROR:process_memory_win.cc(73)] ReadMemory at 0x7fff79680000 of 64 bytes failed: Only part of a ReadProcessMemory or WriteProcessMemory request was completed. (0x12B)
[1125/234951.871:WARNING:pe_image_reader.cc(340)] could not read dos header from C:\WINDOWS\SYSTEM32\VERSION.dll
[1125/234951.871:ERROR:process_memory_win.cc(73)] ReadMemory at 0x7fff87e70000 of 64 bytes failed: Only part of a ReadProcessMemory or WriteProcessMemory request was completed. (0x12B)
[1125/234951.871:WARNING:pe_image_reader.cc(340)] could not read dos header from C:\WINDOWS\System32\msvcrt.dll
[1125/234951.871:ERROR:process_memory_win.cc(73)] ReadMemory at 0x7fff87360000 of 64 bytes failed: Only part of a ReadProcessMemory or WriteProcessMemory request was completed. (0x12B)
[1125/234951.871:WARNING:pe_image_reader.cc(340)] could not read dos header from C:\WINDOWS\System32\bcryptPrimitives.dll
[1125/234951.872:ERROR:process_memory_win.cc(73)] ReadMemory at 0x7fff89440000 of 64 bytes failed: Only part of a ReadProcessMemory or WriteProcessMemory request was completed. (0x12B)
[1125/234951.872:WARNING:pe_image_reader.cc(340)] could not read dos header from C:\WINDOWS\System32\ADVAPI32.dll
[1125/234951.872:ERROR:process_memory_win.cc(73)] ReadMemory at 0x1d6fc500000 of 64 bytes failed: Only part of a ReadProcessMemory or WriteProcessMemory request was completed. (0x12B)
[1125/234951.872:WARNING:pe_image_reader.cc(340)] could not read dos header from C:\WINDOWS\System32\sechost.dll
[1125/234951.872:ERROR:process_memory_win.cc(73)] ReadMemory at 0x7fff89320000 of 64 bytes failed: Only part of a ReadProcessMemory or WriteProcessMemory request was completed. (0x12B)
[1125/234951.872:WARNING:pe_image_reader.cc(340)] could not read dos header from C:\WINDOWS\System32\RPCRT4.dll
[1125/234951.872:ERROR:process_memory_win.cc(73)] ReadMemory at 0x7fff49500000 of 64 bytes failed: Only part of a ReadProcessMemory or WriteProcessMemory request was completed. (0x12B)
[1125/234951.873:WARNING:pe_image_reader.cc(340)] could not read dos header from C:\Program Files (x86)\Google\Chrome\Application\87.0.4280.66\chrome.dll
[1125/234951.873:ERROR:process_memory_win.cc(73)] ReadMemory at 0x7fff87e00000 of 64 bytes failed: Only part of a ReadProcessMemory or WriteProcessMemory request was completed. (0x12B)
[1125/234951.893:WARNING:pe_image_reader.cc(340)] could not read dos header from C:\WINDOWS\System32\WS2_32.dll
[1125/234951.893:ERROR:process_memory_win.cc(73)] ReadMemory at 0x7fff881e0000 of 64 bytes failed: Only part of a ReadProcessMemory or WriteProcessMemory request was completed. (0x12B)
[1125/234951.893:WARNING:pe_image_reader.cc(340)] could not read dos header from C:\WINDOWS\System32\OLEAUT32.dll
[1125/234951.893:ERROR:process_memory_win.cc(73)] ReadMemory at 0x7fff86850000 of 64 bytes failed: Only part of a ReadProcessMemory or WriteProcessMemory request was completed. (0x12B)
[1125/234951.893:WARNING:pe_image_reader.cc(340)] could not read dos header from C:\WINDOWS\System32\msvcp_win.dll
[1125/234951.893:ERROR:process_memory_win.cc(73)] ReadMemory at 0x7fff877c0000 of 64 bytes failed: Only part of a ReadProcessMemory or WriteProcessMemory request was completed. (0x12B)
[1125/234951.893:WARNING:pe_image_reader.cc(340)] could not read dos header from C:\WINDOWS\System32\ucrtbase.dll
[1125/234951.893:ERROR:process_memory_win.cc(73)] ReadMemory at 0x7fff88830000 of 64 bytes failed: Only part of a ReadProcessMemory or WriteProcessMemory request was completed. (0x12B)
[1125/234951.893:WARNING:pe_image_reader.cc(340)] could not read dos header from C:\WINDOWS\System32\combase.dll
[1125/234951.894:ERROR:process_memory_win.cc(73)] ReadMemory at 0x7fff876e0000 of 64 bytes failed: Only part of a ReadProcessMemory or WriteProcessMemory request was completed. (0x12B)
[1125/234951.894:WARNING:pe_image_reader.cc(340)] could not read dos header from C:\WINDOWS\System32\WINTRUST.dll
[1125/234951.894:ERROR:process_memory_win.cc(73)] ReadMemory at 0x7fff867b0000 of 64 bytes failed: Only part of a ReadProcessMemory or WriteProcessMemory request was completed. (0x12B)
[1125/234951.894:WARNING:pe_image_reader.cc(340)] could not read dos header from C:\WINDOWS\System32\MSASN1.dll
[1125/234951.894:ERROR:process_memory_win.cc(73)] ReadMemory at 0x7fff868f0000 of 64 bytes failed: Only part of a ReadProcessMemory or WriteProcessMemory request was completed. (0x12B)
[1125/234951.894:WARNING:pe_image_reader.cc(340)] could not read dos header from C:\WINDOWS\System32\CRYPT32.dll
[1125/234951.894:ERROR:process_memory_win.cc(73)] ReadMemory at 0x7fff74e30000 of 64 bytes failed: Only part of a ReadProcessMemory or WriteProcessMemory request was completed. (0x12B)
[1125/234951.894:WARNING:pe_image_reader.cc(340)] could not read dos header from C:\WINDOWS\SYSTEM32\dbghelp.dll
[1125/234951.894:ERROR:process_memory_win.cc(73)] ReadMemory at 0x7fff85d00000 of 64 bytes failed: Only part of a ReadProcessMemory or WriteProcessMemory request was completed. (0x12B)
[1125/234951.894:WARNING:pe_image_reader.cc(340)] could not read dos header from C:\WINDOWS\SYSTEM32\IPHLPAPI.DLL
[1125/234951.894:ERROR:process_memory_win.cc(73)] ReadMemory at 0x7fff843a0000 of 64 bytes failed: Only part of a ReadProcessMemory or WriteProcessMemory request was completed. (0x12B)
[1125/234951.894:WARNING:pe_image_reader.cc(340)] could not read dos header from C:\WINDOWS\SYSTEM32\WINMM.dll
[1125/234951.894:ERROR:process_memory_win.cc(73)] ReadMemory at 0x7fff5ca70000 of 64 bytes failed: Only part of a ReadProcessMemory or WriteProcessMemory request was completed. (0x12B)
[1125/234951.895:WARNING:pe_image_reader.cc(340)] could not read dos header from C:\WINDOWS\SYSTEM32\UIAutomationCore.DLL
[1125/234951.895:ERROR:process_memory_win.cc(73)] ReadMemory at 0x7fff770d0000 of 64 bytes failed: Only part of a ReadProcessMemory or WriteProcessMemory request was completed. (0x12B)
[1125/234951.895:WARNING:pe_image_reader.cc(340)] could not read dos header from C:\WINDOWS\SYSTEM32\Secur32.dll
[1125/234951.895:ERROR:process_memory_win.cc(73)] ReadMemory at 0x7fff866a0000 of 64 bytes failed: Only part of a ReadProcessMemory or WriteProcessMemory request was completed. (0x12B)
[1125/234951.895:WARNING:pe_image_reader.cc(340)] could not read dos header from C:\WINDOWS\SYSTEM32\USERENV.dll
[1125/234951.895:ERROR:process_memory_win.cc(73)] ReadMemory at 0x7fff867d0000 of 64 bytes failed: Only part of a ReadProcessMemory or WriteProcessMemory request was completed. (0x12B)
[1125/234951.895:WARNING:pe_image_reader.cc(340)] could not read dos header from C:\WINDOWS\System32\profapi.dll
[1125/234951.895:ERROR:process_memory_win.cc(73)] ReadMemory at 0x7fff7a330000 of 64 bytes failed: Only part of a ReadProcessMemory or WriteProcessMemory request was completed. (0x12B)
[1125/234951.895:WARNING:pe_image_reader.cc(340)] could not read dos header from C:\WINDOWS\SYSTEM32\DWrite.dll
[1125/234951.895:ERROR:process_memory_win.cc(73)] ReadMemory at 0x7fff66e80000 of 64 bytes failed: Only part of a ReadProcessMemory or WriteProcessMemory request was completed. (0x12B)
[1125/234951.895:WARNING:pe_image_reader.cc(340)] could not read dos header from C:\WINDOWS\SYSTEM32\WINSPOOL.DRV
[1125/234951.895:ERROR:process_memory_win.cc(73)] ReadMemory at 0x7fff86790000 of 64 bytes failed: Only part of a ReadProcessMemory or WriteProcessMemory request was completed. (0x12B)
[1125/234951.896:WARNING:pe_image_reader.cc(340)] could not read dos header from C:\WINDOWS\System32\kernel.appcore.dll
[1125/234951.896:ERROR:process_memory_win.cc(73)] ReadMemory at 0x7fff876b0000 of 64 bytes failed: Only part of a ReadProcessMemory or WriteProcessMemory request was completed. (0x12B)
[1125/234951.896:WARNING:pe_image_reader.cc(340)] could not read dos header from C:\WINDOWS\System32\bcrypt.dll
[1125/234951.896:ERROR:process_memory_win.cc(73)] ReadMemory at 0x7fff7fdd0000 of 64 bytes failed: Only part of a ReadProcessMemory or WriteProcessMemory request was completed. (0x12B)
[1125/234951.896:WARNING:pe_image_reader.cc(340)] could not read dos header from C:\WINDOWS\SYSTEM32\WINHTTP.dll
[1125/234951.896:ERROR:process_memory_win.cc(73)] ReadMemory at 0x7fff80db0000 of 64 bytes failed: Only part of a ReadProcessMemory or WriteProcessMemory request was completed. (0x12B)
[1125/234951.896:WARNING:pe_image_reader.cc(340)] could not read dos header from C:\WINDOWS\SYSTEM32\dhcpcsvc.DLL
[1125/234951.896:ERROR:process_memory_win.cc(73)] ReadMemory at 0x7fff88070000 of 64 bytes failed: Only part of a ReadProcessMemory or WriteProcessMemory request was completed. (0x12B)
[1125/234951.896:WARNING:pe_image_reader.cc(340)] could not read dos header from C:\WINDOWS\System32\NSI.dll
[1125/234951.896:ERROR:process_memory_win.cc(73)] ReadMemory at 0x7fff84370000 of 64 bytes failed: Only part of a ReadProcessMemory or WriteProcessMemory request was completed. (0x12B)
[1125/234951.896:WARNING:pe_image_reader.cc(340)] could not read dos header from C:\WINDOWS\SYSTEM32\WINMMBASE.dll
[1125/234951.896:ERROR:process_memory_win.cc(73)] ReadMemory at 0x7fff87740000 of 64 bytes failed: Only part of a ReadProcessMemory or WriteProcessMemory request was completed. (0x12B)
[1125/234951.896:WARNING:pe_image_reader.cc(340)] could not read dos header from C:\WINDOWS\System32\cfgmgr32.dll
[1125/234951.897:ERROR:process_memory_win.cc(73)] ReadMemory at 0x7fff83130000 of 64 bytes failed: Only part of a ReadProcessMemory or WriteProcessMemory request was completed. (0x12B)
[1125/234951.897:WARNING:pe_image_reader.cc(340)] could not read dos header from C:\WINDOWS\SYSTEM32\PROPSYS.dll
[1125/234951.897:ERROR:process_memory_win.cc(73)] ReadMemory at 0x7fff89270000 of 64 bytes failed: Only part of a ReadProcessMemory or WriteProcessMemory request was completed. (0x12B)
[1125/234951.897:WARNING:pe_image_reader.cc(340)] could not read dos header from C:\WINDOWS\System32\shcore.dll
[1125/234951.897:ERROR:process_memory_win.cc(73)] ReadMemory at 0x7fff86670000 of 64 bytes failed: Only part of a ReadProcessMemory or WriteProcessMemory request was completed. (0x12B)
[1125/234951.897:WARNING:pe_image_reader.cc(340)] could not read dos header from C:\WINDOWS\SYSTEM32\SSPICLI.DLL
[1125/234951.897:ERROR:process_memory_win.cc(73)] ReadMemory at 0x7fff861c0000 of 64 bytes failed: Only part of a ReadProcessMemory or WriteProcessMemory request was completed. (0x12B)
[1125/234951.897:WARNING:pe_image_reader.cc(340)] could not read dos header from C:\WINDOWS\SYSTEM32\CRYPTBASE.DLL
[1125/234952.078:ERROR:process_memory_win.cc(73)] ReadMemory at 0x7ff6f6a70000 of 64 bytes failed: Only part of a ReadProcessMemory or WriteProcessMemory request was completed. (0x12B)
[1125/234952.078:WARNING:pe_image_reader.cc(340)] could not read dos header from C:\Program Files (x86)\Google\Chrome\Application\chrome.exe
[1125/234952.079:ERROR:process_memory_win.cc(73)] ReadMemory at 0x7fff898c0000 of 64 bytes failed: Only part of a ReadProcessMemory or WriteProcessMemory request was completed. (0x12B)
[1125/234952.079:WARNING:pe_image_reader.cc(340)] could not read dos header from C:\WINDOWS\SYSTEM32\ntdll.dll
[1125/234952.079:ERROR:process_memory_win.cc(73)] ReadMemory at 0x7fff88080000 of 64 bytes failed: Only part of a ReadProcessMemory or WriteProcessMemory request was completed. (0x12B)
[1125/234952.079:WARNING:pe_image_reader.cc(340)] could not read dos header from C:\WINDOWS\System32\KERNEL32.DLL
[1125/234952.079:ERROR:process_memory_win.cc(73)] ReadMemory at 0x7fff87400000 of 64 bytes failed: Only part of a ReadProcessMemory or WriteProcessMemory request was completed. (0x12B)
[1125/234952.079:WARNING:pe_image_reader.cc(340)] could not read dos header from C:\WINDOWS\System32\KERNELBASE.dll
[1125/234952.079:ERROR:process_memory_win.cc(73)] ReadMemory at 0x7fff53230000 of 64 bytes failed: Only part of a ReadProcessMemory or WriteProcessMemory request was completed. (0x12B)
[1125/234952.079:WARNING:pe_image_reader.cc(340)] could not read dos header from C:\Program Files (x86)\Google\Chrome\Application\87.0.4280.66\chrome_elf.dll
[1125/234952.079:ERROR:process_memory_win.cc(73)] ReadMemory at 0x7fff79680000 of 64 bytes failed: Only part of a ReadProcessMemory or WriteProcessMemory request was completed. (0x12B)
[1125/234952.079:WARNING:pe_image_reader.cc(340)] could not read dos header from C:\WINDOWS\SYSTEM32\VERSION.dll
[1125/234952.079:ERROR:process_memory_win.cc(73)] ReadMemory at 0x7fff87e70000 of 64 bytes failed: Only part of a ReadProcessMemory or WriteProcessMemory request was completed. (0x12B)
[1125/234952.079:WARNING:pe_image_reader.cc(340)] could not read dos header from C:\WINDOWS\System32\msvcrt.dll
[1125/234952.079:ERROR:process_memory_win.cc(73)] ReadMemory at 0x7fff87360000 of 64 bytes failed: Only part of a ReadProcessMemory or WriteProcessMemory request was completed. (0x12B)
[1125/234952.079:WARNING:pe_image_reader.cc(340)] could not read dos header from C:\WINDOWS\System32\bcryptPrimitives.dll
[1125/234952.079:ERROR:process_memory_win.cc(73)] ReadMemory at 0x7fff89440000 of 64 bytes failed: Only part of a ReadProcessMemory or WriteProcessMemory request was completed. (0x12B)
[1125/234952.079:WARNING:pe_image_reader.cc(340)] could not read dos header from C:\WINDOWS\System32\ADVAPI32.dll
[1125/234952.079:ERROR:process_memory_win.cc(73)] ReadMemory at 0x1d6fc500000 of 64 bytes failed: Only part of a ReadProcessMemory or WriteProcessMemory request was completed. (0x12B)
[1125/234952.079:WARNING:pe_image_reader.cc(340)] could not read dos header from C:\WINDOWS\System32\sechost.dll
[1125/234952.079:ERROR:process_memory_win.cc(73)] ReadMemory at 0x7fff89320000 of 64 bytes failed: Only part of a ReadProcessMemory or WriteProcessMemory request was completed. (0x12B)
[1125/234952.079:WARNING:pe_image_reader.cc(340)] could not read dos header from C:\WINDOWS\System32\RPCRT4.dll
[1125/234952.079:ERROR:process_memory_win.cc(73)] ReadMemory at 0x7fff49500000 of 64 bytes failed: Only part of a ReadProcessMemory or WriteProcessMemory request was completed. (0x12B)
[1125/234952.079:WARNING:pe_image_reader.cc(340)] could not read dos header from C:\Program Files (x86)\Google\Chrome\Application\87.0.4280.66\chrome.dll
[1125/234952.079:ERROR:process_memory_win.cc(73)] ReadMemory at 0x7fff87e00000 of 64 bytes failed: Only part of a ReadProcessMemory or WriteProcessMemory request was completed. (0x12B)
[1125/234952.080:WARNING:pe_image_reader.cc(340)] could not read dos header from C:\WINDOWS\System32\WS2_32.dll
[1125/234952.080:ERROR:process_memory_win.cc(73)] ReadMemory at 0x7fff881e0000 of 64 bytes failed: Only part of a ReadProcessMemory or WriteProcessMemory request was completed. (0x12B)
[1125/234952.080:WARNING:pe_image_reader.cc(340)] could not read dos header from C:\WINDOWS\System32\OLEAUT32.dll
[1125/234952.080:ERROR:process_memory_win.cc(73)] ReadMemory at 0x7fff86850000 of 64 bytes failed: Only part of a ReadProcessMemory or WriteProcessMemory request was completed. (0x12B)
[1125/234952.080:WARNING:pe_image_reader.cc(340)] could not read dos header from C:\WINDOWS\System32\msvcp_win.dll
[1125/234952.080:ERROR:process_memory_win.cc(73)] ReadMemory at 0x7fff877c0000 of 64 bytes failed: Only part of a ReadProcessMemory or WriteProcessMemory request was completed. (0x12B)
[1125/234952.080:WARNING:pe_image_reader.cc(340)] could not read dos header from C:\WINDOWS\System32\ucrtbase.dll
[1125/234952.080:ERROR:process_memory_win.cc(73)] ReadMemory at 0x7fff88830000 of 64 bytes failed: Only part of a ReadProcessMemory or WriteProcessMemory request was completed. (0x12B)
[1125/234952.080:WARNING:pe_image_reader.cc(340)] could not read dos header from C:\WINDOWS\System32\combase.dll
[1125/234952.080:ERROR:process_memory_win.cc(73)] ReadMemory at 0x7fff876e0000 of 64 bytes failed: Only part of a ReadProcessMemory or WriteProcessMemory request was completed. (0x12B)
[1125/234952.080:WARNING:pe_image_reader.cc(340)] could not read dos header from C:\WINDOWS\System32\WINTRUST.dll
[1125/234952.080:ERROR:process_memory_win.cc(73)] ReadMemory at 0x7fff867b0000 of 64 bytes failed: Only part of a ReadProcessMemory or WriteProcessMemory request was completed. (0x12B)
[1125/234952.080:WARNING:pe_image_reader.cc(340)] could not read dos header from C:\WINDOWS\System32\MSASN1.dll
[1125/234952.080:ERROR:process_memory_win.cc(73)] ReadMemory at 0x7fff868f0000 of 64 bytes failed: Only part of a ReadProcessMemory or WriteProcessMemory request was completed. (0x12B)
[1125/234952.080:WARNING:pe_image_reader.cc(340)] could not read dos header from C:\WINDOWS\System32\CRYPT32.dll
[1125/234952.080:ERROR:process_memory_win.cc(73)] ReadMemory at 0x7fff74e30000 of 64 bytes failed: Only part of a ReadProcessMemory or WriteProcessMemory request was completed. (0x12B)
[1125/234952.080:WARNING:pe_image_reader.cc(340)] could not read dos header from C:\WINDOWS\SYSTEM32\dbghelp.dll
[1125/234952.080:ERROR:process_memory_win.cc(73)] ReadMemory at 0x7fff85d00000 of 64 bytes failed: Only part of a ReadProcessMemory or WriteProcessMemory request was completed. (0x12B)
[1125/234952.080:WARNING:pe_image_reader.cc(340)] could not read dos header from C:\WINDOWS\SYSTEM32\IPHLPAPI.DLL
[1125/234952.080:ERROR:process_memory_win.cc(73)] ReadMemory at 0x7fff843a0000 of 64 bytes failed: Only part of a ReadProcessMemory or WriteProcessMemory request was completed. (0x12B)
[1125/234952.080:WARNING:pe_image_reader.cc(340)] could not read dos header from C:\WINDOWS\SYSTEM32\WINMM.dll
[1125/234952.081:ERROR:process_memory_win.cc(73)] ReadMemory at 0x7fff5ca70000 of 64 bytes failed: Only part of a ReadProcessMemory or WriteProcessMemory request was completed. (0x12B)
[1125/234952.081:WARNING:pe_image_reader.cc(340)] could not read dos header from C:\WINDOWS\SYSTEM32\UIAutomationCore.DLL
[1125/234952.081:ERROR:process_memory_win.cc(73)] ReadMemory at 0x7fff770d0000 of 64 bytes failed: Only part of a ReadProcessMemory or WriteProcessMemory request was completed. (0x12B)
[1125/234952.081:WARNING:pe_image_reader.cc(340)] could not read dos header from C:\WINDOWS\SYSTEM32\Secur32.dll
[1125/234952.081:ERROR:process_memory_win.cc(73)] ReadMemory at 0x7fff866a0000 of 64 bytes failed: Only part of a ReadProcessMemory or WriteProcessMemory request was completed. (0x12B)
[1125/234952.081:WARNING:pe_image_reader.cc(340)] could not read dos header from C:\WINDOWS\SYSTEM32\USERENV.dll
[1125/234952.081:ERROR:process_memory_win.cc(73)] ReadMemory at 0x7fff867d0000 of 64 bytes failed: Only part of a ReadProcessMemory or WriteProcessMemory request was completed. (0x12B)
[1125/234952.081:WARNING:pe_image_reader.cc(340)] could not read dos header from C:\WINDOWS\System32\profapi.dll
[1125/234952.081:ERROR:process_memory_win.cc(73)] ReadMemory at 0x7fff7a330000 of 64 bytes failed: Only part of a ReadProcessMemory or WriteProcessMemory request was completed. (0x12B)
[1125/234952.081:WARNING:pe_image_reader.cc(340)] could not read dos header from C:\WINDOWS\SYSTEM32\DWrite.dll
[1125/234952.081:ERROR:process_memory_win.cc(73)] ReadMemory at 0x7fff66e80000 of 64 bytes failed: Only part of a ReadProcessMemory or WriteProcessMemory request was completed. (0x12B)
[1125/234952.081:WARNING:pe_image_reader.cc(340)] could not read dos header from C:\WINDOWS\SYSTEM32\WINSPOOL.DRV
[1125/234952.081:ERROR:process_memory_win.cc(73)] ReadMemory at 0x7fff86790000 of 64 bytes failed: Only part of a ReadProcessMemory or WriteProcessMemory request was completed. (0x12B)
[1125/234952.081:WARNING:pe_image_reader.cc(340)] could not read dos header from C:\WINDOWS\System32\kernel.appcore.dll
[1125/234952.081:ERROR:process_memory_win.cc(73)] ReadMemory at 0x7fff876b0000 of 64 bytes failed: Only part of a ReadProcessMemory or WriteProcessMemory request was completed. (0x12B)
[1125/234952.081:WARNING:pe_image_reader.cc(340)] could not read dos header from C:\WINDOWS\System32\bcrypt.dll
[1125/234952.081:ERROR:process_memory_win.cc(73)] ReadMemory at 0x7fff7fdd0000 of 64 bytes failed: Only part of a ReadProcessMemory or WriteProcessMemory request was completed. (0x12B)
[1125/234952.081:WARNING:pe_image_reader.cc(340)] could not read dos header from C:\WINDOWS\SYSTEM32\WINHTTP.dll
[1125/234952.081:ERROR:process_memory_win.cc(73)] ReadMemory at 0x7fff80db0000 of 64 bytes failed: Only part of a ReadProcessMemory or WriteProcessMemory request was completed. (0x12B)
[1125/234952.081:WARNING:pe_image_reader.cc(340)] could not read dos header from C:\WINDOWS\SYSTEM32\dhcpcsvc.DLL
[1125/234952.081:ERROR:process_memory_win.cc(73)] ReadMemory at 0x7fff88070000 of 64 bytes failed: Only part of a ReadProcessMemory or WriteProcessMemory request was completed. (0x12B)
[1125/234952.081:WARNING:pe_image_reader.cc(340)] could not read dos header from C:\WINDOWS\System32\NSI.dll
[1125/234952.082:ERROR:process_memory_win.cc(73)] ReadMemory at 0x7fff84370000 of 64 bytes failed: Only part of a ReadProcessMemory or WriteProcessMemory request was completed. (0x12B)
[1125/234952.082:WARNING:pe_image_reader.cc(340)] could not read dos header from C:\WINDOWS\SYSTEM32\WINMMBASE.dll
[1125/234952.082:ERROR:process_memory_win.cc(73)] ReadMemory at 0x7fff87740000 of 64 bytes failed: Only part of a ReadProcessMemory or WriteProcessMemory request was completed. (0x12B)
[1125/234952.082:WARNING:pe_image_reader.cc(340)] could not read dos header from C:\WINDOWS\System32\cfgmgr32.dll
[1125/234952.082:ERROR:process_memory_win.cc(73)] ReadMemory at 0x7fff83130000 of 64 bytes failed: Only part of a ReadProcessMemory or WriteProcessMemory request was completed. (0x12B)
[1125/234952.082:WARNING:pe_image_reader.cc(340)] could not read dos header from C:\WINDOWS\SYSTEM32\PROPSYS.dll
[1125/234952.082:ERROR:process_memory_win.cc(73)] ReadMemory at 0x7fff89270000 of 64 bytes failed: Only part of a ReadProcessMemory or WriteProcessMemory request was completed. (0x12B)
[1125/234952.082:WARNING:pe_image_reader.cc(340)] could not read dos header from C:\WINDOWS\System32\shcore.dll
[1125/234952.082:ERROR:process_memory_win.cc(73)] ReadMemory at 0x7fff86670000 of 64 bytes failed: Only part of a ReadProcessMemory or WriteProcessMemory request was completed. (0x12B)
[1125/234952.082:WARNING:pe_image_reader.cc(340)] could not read dos header from C:\WINDOWS\SYSTEM32\SSPICLI.DLL
[1125/234952.082:ERROR:process_memory_win.cc(73)] ReadMemory at 0x7fff861c0000 of 64 bytes failed: Only part of a ReadProcessMemory or WriteProcessMemory request was completed. (0x12B)
[1125/234952.082:WARNING:pe_image_reader.cc(340)] could not read dos header from C:\WINDOWS\SYSTEM32\CRYPTBASE.DLL
[1125/234952.082:ERROR:process_memory_win.cc(73)] ReadMemory at 0x7ff6f6a70000 of 64 bytes failed: Only part of a ReadProcessMemory or WriteProcessMemory request was completed. (0x12B)
[1125/234952.082:WARNING:pe_image_reader.cc(340)] could not read dos header from C:\Program Files (x86)\Google\Chrome\Application\chrome.exe
[1125/234952.082:ERROR:process_memory_win.cc(73)] ReadMemory at 0x7fff898c0000 of 64 bytes failed: Only part of a ReadProcessMemory or WriteProcessMemory request was completed. (0x12B)
[1125/234952.082:WARNING:pe_image_reader.cc(340)] could not read dos header from C:\WINDOWS\SYSTEM32\ntdll.dll
[1125/234952.082:ERROR:process_memory_win.cc(73)] ReadMemory at 0x7fff88080000 of 64 bytes failed: Only part of a ReadProcessMemory or WriteProcessMemory request was completed. (0x12B)
[1125/234952.082:WARNING:pe_image_reader.cc(340)] could not read dos header from C:\WINDOWS\System32\KERNEL32.DLL
[1125/234952.082:ERROR:process_memory_win.cc(73)] ReadMemory at 0x7fff87400000 of 64 bytes failed: Only part of a ReadProcessMemory or WriteProcessMemory request was completed. (0x12B)
[1125/234952.082:WARNING:pe_image_reader.cc(340)] could not read dos header from C:\WINDOWS\System32\KERNELBASE.dll
[1125/234952.082:ERROR:process_memory_win.cc(73)] ReadMemory at 0x7fff53230000 of 64 bytes failed: Only part of a ReadProcessMemory or WriteProcessMemory request was completed. (0x12B)
[1125/234952.082:WARNING:pe_image_reader.cc(340)] could not read dos header from C:\Program Files (x86)\Google\Chrome\Application\87.0.4280.66\chrome_elf.dll
[1125/234952.083:ERROR:process_memory_win.cc(73)] ReadMemory at 0x7fff79680000 of 64 bytes failed: Only part of a ReadProcessMemory or WriteProcessMemory request was completed. (0x12B)
[1125/234952.083:WARNING:pe_image_reader.cc(340)] could not read dos header from C:\WINDOWS\SYSTEM32\VERSION.dll
[1125/234952.083:ERROR:process_memory_win.cc(73)] ReadMemory at 0x7fff87e70000 of 64 bytes failed: Only part of a ReadProcessMemory or WriteProcessMemory request was completed. (0x12B)
[1125/234952.083:WARNING:pe_image_reader.cc(340)] could not read dos header from C:\WINDOWS\System32\msvcrt.dll
[1125/234952.083:ERROR:process_memory_win.cc(73)] ReadMemory at 0x7fff87360000 of 64 bytes failed: Only part of a ReadProcessMemory or WriteProcessMemory request was completed. (0x12B)
[1125/234952.083:WARNING:pe_image_reader.cc(340)] could not read dos header from C:\WINDOWS\System32\bcryptPrimitives.dll
[1125/234952.083:ERROR:process_memory_win.cc(73)] ReadMemory at 0x7fff89440000 of 64 bytes failed: Only part of a ReadProcessMemory or WriteProcessMemory request was completed. (0x12B)
[1125/234952.083:WARNING:pe_image_reader.cc(340)] could not read dos header from C:\WINDOWS\System32\ADVAPI32.dll
[1125/234952.083:ERROR:process_memory_win.cc(73)] ReadMemory at 0x1d6fc500000 of 64 bytes failed: Only part of a ReadProcessMemory or WriteProcessMemory request was completed. (0x12B)
[1125/234952.083:WARNING:pe_image_reader.cc(340)] could not read dos header from C:\WINDOWS\System32\sechost.dll
[1125/234952.083:ERROR:process_memory_win.cc(73)] ReadMemory at 0x7fff89320000 of 64 bytes failed: Only part of a ReadProcessMemory or WriteProcessMemory request was completed. (0x12B)
[1125/234952.083:WARNING:pe_image_reader.cc(340)] could not read dos header from C:\WINDOWS\System32\RPCRT4.dll
[1125/234952.083:ERROR:process_memory_win.cc(73)] ReadMemory at 0x7fff49500000 of 64 bytes failed: Only part of a ReadProcessMemory or WriteProcessMemory request was completed. (0x12B)
[1125/234952.083:WARNING:pe_image_reader.cc(340)] could not read dos header from C:\Program Files (x86)\Google\Chrome\Application\87.0.4280.66\chrome.dll
[1125/234952.083:ERROR:process_memory_win.cc(73)] ReadMemory at 0x7fff87e00000 of 64 bytes failed: Only part of a ReadProcessMemory or WriteProcessMemory request was completed. (0x12B)
[1125/234952.083:WARNING:pe_image_reader.cc(340)] could not read dos header from C:\WINDOWS\System32\WS2_32.dll
[1125/234952.083:ERROR:process_memory_win.cc(73)] ReadMemory at 0x7fff881e0000 of 64 bytes failed: Only part of a ReadProcessMemory or WriteProcessMemory request was completed. (0x12B)
[1125/234952.083:WARNING:pe_image_reader.cc(340)] could not read dos header from C:\WINDOWS\System32\OLEAUT32.dll
[1125/234952.083:ERROR:process_memory_win.cc(73)] ReadMemory at 0x7fff86850000 of 64 bytes failed: Only part of a ReadProcessMemory or WriteProcessMemory request was completed. (0x12B)
[1125/234952.083:WARNING:pe_image_reader.cc(340)] could not read dos header from C:\WINDOWS\System32\msvcp_win.dll
[1125/234952.083:ERROR:process_memory_win.cc(73)] ReadMemory at 0x7fff877c0000 of 64 bytes failed: Only part of a ReadProcessMemory or WriteProcessMemory request was completed. (0x12B)
[1125/234952.083:WARNING:pe_image_reader.cc(340)] could not read dos header from C:\WINDOWS\System32\ucrtbase.dll
[1125/234952.084:ERROR:process_memory_win.cc(73)] ReadMemory at 0x7fff88830000 of 64 bytes failed: Only part of a ReadProcessMemory or WriteProcessMemory request was completed. (0x12B)
[1125/234952.084:WARNING:pe_image_reader.cc(340)] could not read dos header from C:\WINDOWS\System32\combase.dll
[1125/234952.084:ERROR:process_memory_win.cc(73)] ReadMemory at 0x7fff876e0000 of 64 bytes failed: Only part of a ReadProcessMemory or WriteProcessMemory request was completed. (0x12B)
[1125/234952.084:WARNING:pe_image_reader.cc(340)] could not read dos header from C:\WINDOWS\System32\WINTRUST.dll
[1125/234952.084:ERROR:process_memory_win.cc(73)] ReadMemory at 0x7fff867b0000 of 64 bytes failed: Only part of a ReadProcessMemory or WriteProcessMemory request was completed. (0x12B)
[1125/234952.084:WARNING:pe_image_reader.cc(340)] could not read dos header from C:\WINDOWS\System32\MSASN1.dll
[1125/234952.084:ERROR:process_memory_win.cc(73)] ReadMemory at 0x7fff868f0000 of 64 bytes failed: Only part of a ReadProcessMemory or WriteProcessMemory request was completed. (0x12B)
[1125/234952.084:WARNING:pe_image_reader.cc(340)] could not read dos header from C:\WINDOWS\System32\CRYPT32.dll
[1125/234952.084:ERROR:process_memory_win.cc(73)] ReadMemory at 0x7fff74e30000 of 64 bytes failed: Only part of a ReadProcessMemory or WriteProcessMemory request was completed. (0x12B)
[1125/234952.084:WARNING:pe_image_reader.cc(340)] could not read dos header from C:\WINDOWS\SYSTEM32\dbghelp.dll
[1125/234952.084:ERROR:process_memory_win.cc(73)] ReadMemory at 0x7fff85d00000 of 64 bytes failed: Only part of a ReadProcessMemory or WriteProcessMemory request was completed. (0x12B)
[1125/234952.084:WARNING:pe_image_reader.cc(340)] could not read dos header from C:\WINDOWS\SYSTEM32\IPHLPAPI.DLL
[1125/234952.084:ERROR:process_memory_win.cc(73)] ReadMemory at 0x7fff843a0000 of 64 bytes failed: Only part of a ReadProcessMemory or WriteProcessMemory request was completed. (0x12B)
[1125/234952.084:WARNING:pe_image_reader.cc(340)] could not read dos header from C:\WINDOWS\SYSTEM32\WINMM.dll
[1125/234952.084:ERROR:process_memory_win.cc(73)] ReadMemory at 0x7fff5ca70000 of 64 bytes failed: Only part of a ReadProcessMemory or WriteProcessMemory request was completed. (0x12B)
[1125/234952.084:WARNING:pe_image_reader.cc(340)] could not read dos header from C:\WINDOWS\SYSTEM32\UIAutomationCore.DLL
[1125/234952.084:ERROR:process_memory_win.cc(73)] ReadMemory at 0x7fff770d0000 of 64 bytes failed: Only part of a ReadProcessMemory or WriteProcessMemory request was completed. (0x12B)
[1125/234952.084:WARNING:pe_image_reader.cc(340)] could not read dos header from C:\WINDOWS\SYSTEM32\Secur32.dll
[1125/234952.084:ERROR:process_memory_win.cc(73)] ReadMemory at 0x7fff866a0000 of 64 bytes failed: Only part of a ReadProcessMemory or WriteProcessMemory request was completed. (0x12B)
[1125/234952.084:WARNING:pe_image_reader.cc(340)] could not read dos header from C:\WINDOWS\SYSTEM32\USERENV.dll
[1125/234952.084:ERROR:process_memory_win.cc(73)] ReadMemory at 0x7fff867d0000 of 64 bytes failed: Only part of a ReadProcessMemory or WriteProcessMemory request was completed. (0x12B)
[1125/234952.084:WARNING:pe_image_reader.cc(340)] could not read dos header from C:\WINDOWS\System32\profapi.dll
[1125/234952.084:ERROR:process_memory_win.cc(73)] ReadMemory at 0x7fff7a330000 of 64 bytes failed: Only part of a ReadProcessMemory or WriteProcessMemory request was completed. (0x12B)
[1125/234952.085:WARNING:pe_image_reader.cc(340)] could not read dos header from C:\WINDOWS\SYSTEM32\DWrite.dll
[1125/234952.085:ERROR:process_memory_win.cc(73)] ReadMemory at 0x7fff66e80000 of 64 bytes failed: Only part of a ReadProcessMemory or WriteProcessMemory request was completed. (0x12B)
[1125/234952.085:WARNING:pe_image_reader.cc(340)] could not read dos header from C:\WINDOWS\SYSTEM32\WINSPOOL.DRV
[1125/234952.085:ERROR:process_memory_win.cc(73)] ReadMemory at 0x7fff86790000 of 64 bytes failed: Only part of a ReadProcessMemory or WriteProcessMemory request was completed. (0x12B)
[1125/234952.085:WARNING:pe_image_reader.cc(340)] could not read dos header from C:\WINDOWS\System32\kernel.appcore.dll
[1125/234952.085:ERROR:process_memory_win.cc(73)] ReadMemory at 0x7fff876b0000 of 64 bytes failed: Only part of a ReadProcessMemory or WriteProcessMemory request was completed. (0x12B)
[1125/234952.085:WARNING:pe_image_reader.cc(340)] could not read dos header from C:\WINDOWS\System32\bcrypt.dll
[1125/234952.085:ERROR:process_memory_win.cc(73)] ReadMemory at 0x7fff7fdd0000 of 64 bytes failed: Only part of a ReadProcessMemory or WriteProcessMemory request was completed. (0x12B)
[1125/234952.085:WARNING:pe_image_reader.cc(340)] could not read dos header from C:\WINDOWS\SYSTEM32\WINHTTP.dll
[1125/234952.085:ERROR:process_memory_win.cc(73)] ReadMemory at 0x7fff80db0000 of 64 bytes failed: Only part of a ReadProcessMemory or WriteProcessMemory request was completed. (0x12B)
[1125/234952.085:WARNING:pe_image_reader.cc(340)] could not read dos header from C:\WINDOWS\SYSTEM32\dhcpcsvc.DLL
[1125/234952.085:ERROR:process_memory_win.cc(73)] ReadMemory at 0x7fff88070000 of 64 bytes failed: Only part of a ReadProcessMemory or WriteProcessMemory request was completed. (0x12B)
[1125/234952.085:WARNING:pe_image_reader.cc(340)] could not read dos header from C:\WINDOWS\System32\NSI.dll
[1125/234952.085:ERROR:process_memory_win.cc(73)] ReadMemory at 0x7fff84370000 of 64 bytes failed: Only part of a ReadProcessMemory or WriteProcessMemory request was completed. (0x12B)
[1125/234952.085:WARNING:pe_image_reader.cc(340)] could not read dos header from C:\WINDOWS\SYSTEM32\WINMMBASE.dll
[1125/234952.085:ERROR:process_memory_win.cc(73)] ReadMemory at 0x7fff87740000 of 64 bytes failed: Only part of a ReadProcessMemory or WriteProcessMemory request was completed. (0x12B)
[1125/234952.085:WARNING:pe_image_reader.cc(340)] could not read dos header from C:\WINDOWS\System32\cfgmgr32.dll
[1125/234952.085:ERROR:process_memory_win.cc(73)] ReadMemory at 0x7fff83130000 of 64 bytes failed: Only part of a ReadProcessMemory or WriteProcessMemory request was completed. (0x12B)
[1125/234952.085:WARNING:pe_image_reader.cc(340)] could not read dos header from C:\WINDOWS\SYSTEM32\PROPSYS.dll
[1125/234952.085:ERROR:process_memory_win.cc(73)] ReadMemory at 0x7fff89270000 of 64 bytes failed: Only part of a ReadProcessMemory or WriteProcessMemory request was completed. (0x12B)
[1125/234952.085:WARNING:pe_image_reader.cc(340)] could not read dos header from C:\WINDOWS\System32\shcore.dll
[1125/234952.086:ERROR:process_memory_win.cc(73)] ReadMemory at 0x7fff86670000 of 64 bytes failed: Only part of a ReadProcessMemory or WriteProcessMemory request was completed. (0x12B)
[1125/234952.086:WARNING:pe_image_reader.cc(340)] could not read dos header from C:\WINDOWS\SYSTEM32\SSPICLI.DLL
[1125/234952.086:ERROR:process_memory_win.cc(73)] ReadMemory at 0x7fff861c0000 of 64 bytes failed: Only part of a ReadProcessMemory or WriteProcessMemory request was completed. (0x12B)
[1125/234952.086:WARNING:pe_image_reader.cc(340)] could not read dos header from C:\WINDOWS\SYSTEM32\CRYPTBASE.DLL
[1125/234952.275:ERROR:process_memory_win.cc(73)] ReadMemory at 0x39963f6000 of 40960 bytes failed: Only part of a ReadProcessMemory or WriteProcessMemory request was completed. (0x12B)
[1125/234952.276:ERROR:process_memory_win.cc(73)] ReadMemory at 0x3996bfe000 of 8192 bytes failed: Only part of a ReadProcessMemory or WriteProcessMemory request was completed. (0x12B)
[1125/234952.276:ERROR:process_memory_win.cc(73)] ReadMemory at 0x3997bfe000 of 8192 bytes failed: Only part of a ReadProcessMemory or WriteProcessMemory request was completed. (0x12B)
[1125/234952.276:ERROR:process_memory_win.cc(73)] ReadMemory at 0x39983fc000 of 16384 bytes failed: Only part of a ReadProcessMemory or WriteProcessMemory request was completed. (0x12B)
[1125/234952.276:ERROR:process_memory_win.cc(73)] ReadMemory at 0x39993fe000 of 8192 bytes failed: Only part of a ReadProcessMemory or WriteProcessMemory request was completed. (0x12B)
[1125/234952.276:ERROR:process_memory_win.cc(73)] ReadMemory at 0x3999bfe000 of 8192 bytes failed: Only part of a ReadProcessMemory or WriteProcessMemory request was completed. (0x12B)
[1125/234952.276:ERROR:process_memory_win.cc(73)] ReadMemory at 0x399a3fd000 of 12288 bytes failed: Only part of a ReadProcessMemory or WriteProcessMemory request was completed. (0x12B)
[1125/234952.276:ERROR:process_memory_win.cc(73)] ReadMemory at 0x399b3fe000 of 8192 bytes failed: Only part of a ReadProcessMemory or WriteProcessMemory request was completed. (0x12B)
[1125/234952.276:ERROR:process_memory_win.cc(73)] ReadMemory at 0x399bbfe000 of 8192 bytes failed: Only part of a ReadProcessMemory or WriteProcessMemory request was completed. (0x12B)
[1125/234952.276:ERROR:process_memory_win.cc(73)] ReadMemory at 0x399c3fe000 of 8192 bytes failed: Only part of a ReadProcessMemory or WriteProcessMemory request was completed. (0x12B)
[1125/234952.276:ERROR:process_memory_win.cc(73)] ReadMemory at 0x399cbfe000 of 8192 bytes failed: Only part of a ReadProcessMemory or WriteProcessMemory request was completed. (0x12B)
[1125/234952.276:ERROR:process_memory_win.cc(73)] ReadMemory at 0x399d3fd000 of 12288 bytes failed: Only part of a ReadProcessMemory or WriteProcessMemory request was completed. (0x12B)
[1125/234952.276:ERROR:process_memory_win.cc(73)] ReadMemory at 0x39973fe000 of 8192 bytes failed: Only part of a ReadProcessMemory or WriteProcessMemory request was completed. (0x12B)
[1125/234952.277:ERROR:process_memory_win.cc(73)] ReadMemory at 0x3995a51000 of 852 bytes failed: Only part of a ReadProcessMemory or WriteProcessMemory request was completed. (0x12B)
[1125/234952.277:ERROR:process_memory_win.cc(73)] ReadMemory at 0x3995a52000 of 6024 bytes failed: Only part of a ReadProcessMemory or WriteProcessMemory request was completed. (0x12B)
[1125/234952.277:ERROR:process_memory_win.cc(73)] ReadMemory at 0x3995a54000 of 6024 bytes failed: Only part of a ReadProcessMemory or WriteProcessMemory request was completed. (0x12B)
[1125/234952.277:ERROR:process_memory_win.cc(73)] ReadMemory at 0x3995a58000 of 6024 bytes failed: Only part of a ReadProcessMemory or WriteProcessMemory request was completed. (0x12B)
[1125/234952.277:ERROR:process_memory_win.cc(73)] ReadMemory at 0x3995a5a000 of 6024 bytes failed: Only part of a ReadProcessMemory or WriteProcessMemory request was completed. (0x12B)
[1125/234952.277:ERROR:process_memory_win.cc(73)] ReadMemory at 0x3995a5e000 of 6024 bytes failed: Only part of a ReadProcessMemory or WriteProcessMemory request was completed. (0x12B)
[1125/234952.277:ERROR:process_memory_win.cc(73)] ReadMemory at 0x3995a60000 of 6024 bytes failed: Only part of a ReadProcessMemory or WriteProcessMemory request was completed. (0x12B)
[1125/234952.277:ERROR:process_memory_win.cc(73)] ReadMemory at 0x3995a62000 of 6024 bytes failed: Only part of a ReadProcessMemory or WriteProcessMemory request was completed. (0x12B)
[1125/234952.277:ERROR:process_memory_win.cc(73)] ReadMemory at 0x3995a66000 of 6024 bytes failed: Only part of a ReadProcessMemory or WriteProcessMemory request was completed. (0x12B)
[1125/234952.277:ERROR:process_memory_win.cc(73)] ReadMemory at 0x3995a68000 of 6024 bytes failed: Only part of a ReadProcessMemory or WriteProcessMemory request was completed. (0x12B)
[1125/234952.277:ERROR:process_memory_win.cc(73)] ReadMemory at 0x3995a6a000 of 6024 bytes failed: Only part of a ReadProcessMemory or WriteProcessMemory request was completed. (0x12B)
[1125/234952.277:ERROR:process_memory_win.cc(73)] ReadMemory at 0x3995a6c000 of 6024 bytes failed: Only part of a ReadProcessMemory or WriteProcessMemory request was completed. (0x12B)
[1125/234952.277:ERROR:process_memory_win.cc(73)] ReadMemory at 0x3995a6e000 of 6024 bytes failed: Only part of a ReadProcessMemory or WriteProcessMemory request was completed. (0x12B)
[1125/234952.277:ERROR:process_memory_win.cc(73)] ReadMemory at 0x3995a74000 of 6024 bytes failed: Only part of a ReadProcessMemory or WriteProcessMemory request was completed. (0x12B)
[1125/234952.278:ERROR:process_memory_win.cc(73)] ReadMemory at 0x1d6815ccb28 of 512 bytes failed: Only part of a ReadProcessMemory or WriteProcessMemory request was completed. (0x12B)
[1125/234952.278:ERROR:process_memory_win.cc(73)] ReadMemory at 0x1d6815cd278 of 512 bytes failed: Only part of a ReadProcessMemory or WriteProcessMemory request was completed. (0x12B)
[1125/234952.278:ERROR:process_memory_win.cc(73)] ReadMemory at 0x1d6815cd6f8 of 512 bytes failed: Only part of a ReadProcessMemory or WriteProcessMemory request was completed. (0x12B)
[1125/234952.278:ERROR:process_memory_win.cc(73)] ReadMemory at 0x1d681618fb0 of 512 bytes failed: Only part of a ReadProcessMemory or WriteProcessMemory request was completed. (0x12B)
[1125/234952.278:ERROR:process_memory_win.cc(73)] ReadMemory at 0x1d6816a4ba0 of 512 bytes failed: Only part of a ReadProcessMemory or WriteProcessMemory request was completed. (0x12B)
[1125/234952.428:ERROR:process_memory_win.cc(73)] ReadMemory at 0x1d6816c1022 of 512 bytes failed: Only part of a ReadProcessMemory or WriteProcessMemory request was completed. (0x12B)
[1125/234952.429:ERROR:process_memory_win.cc(73)] ReadMemory at 0x1d6816c1236 of 688 bytes failed: Only part of a ReadProcessMemory or WriteProcessMemory request was completed. (0x12B)
[1125/234952.429:ERROR:process_memory_win.cc(73)] ReadMemory at 0x1d6818140a0 of 512 bytes failed: Only part of a ReadProcessMemory or WriteProcessMemory request was completed. (0x12B)
[1125/234952.430:ERROR:process_memory_win.cc(73)] ReadMemory at 0x1d6fc250fe0 of 20332 bytes failed: Only part of a ReadProcessMemory or WriteProcessMemory request was completed. (0x12B)
[1125/234952.430:ERROR:process_memory_win.cc(73)] ReadMemory at 0x1d6fc255f60 of 1012 bytes failed: Only part of a ReadProcessMemory or WriteProcessMemory request was completed. (0x12B)
[1125/234952.431:ERROR:process_memory_win.cc(73)] ReadMemory at 0x1d6fc2565a8 of 118 bytes failed: Only part of a ReadProcessMemory or WriteProcessMemory request was completed. (0x12B)
[1125/234952.431:ERROR:process_memory_win.cc(73)] ReadMemory at 0x1d6fc256620 of 714 bytes failed: Only part of a ReadProcessMemory or WriteProcessMemory request was completed. (0x12B)
[1125/234952.431:ERROR:process_memory_win.cc(73)] ReadMemory at 0x1d6fc2568ec of 118 bytes failed: Only part of a ReadProcessMemory or WriteProcessMemory request was completed. (0x12B)
[1125/234952.431:ERROR:process_memory_win.cc(73)] ReadMemory at 0x1d6fc256964 of 100 bytes failed: Only part of a ReadProcessMemory or WriteProcessMemory request was completed. (0x12B)
[1125/234952.432:ERROR:process_memory_win.cc(73)] ReadMemory at 0x1d6fc2569e0 of 58 bytes failed: Only part of a ReadProcessMemory or WriteProcessMemory request was completed. (0x12B)
[1125/234952.432:ERROR:process_memory_win.cc(73)] ReadMemory at 0x1d6fc256ae0 of 132 bytes failed: Only part of a ReadProcessMemory or WriteProcessMemory request was completed. (0x12B)
[1125/234952.432:ERROR:process_memory_win.cc(73)] ReadMemory at 0x1d6fc256c70 of 132 bytes failed: Only part of a ReadProcessMemory or WriteProcessMemory request was completed. (0x12B)
[1125/234952.432:ERROR:process_memory_win.cc(73)] ReadMemory at 0x1d6fc256e30 of 124 bytes failed: Only part of a ReadProcessMemory or WriteProcessMemory request was completed. (0x12B)
[1125/234952.433:ERROR:process_memory_win.cc(73)] ReadMemory at 0x1d6fc257330 of 132 bytes failed: Only part of a ReadProcessMemory or WriteProcessMemory request was completed. (0x12B)
[1125/234952.433:ERROR:process_memory_win.cc(73)] ReadMemory at 0x1d6fc2574c0 of 64 bytes failed: Only part of a ReadProcessMemory or WriteProcessMemory request was completed. (0x12B)
[1125/234952.433:ERROR:process_memory_win.cc(73)] ReadMemory at 0x1d6fc257680 of 132 bytes failed: Only part of a ReadProcessMemory or WriteProcessMemory request was completed. (0x12B)
[1125/234952.433:ERROR:process_memory_win.cc(73)] ReadMemory at 0x1d6fc257920 of 132 bytes failed: Only part of a ReadProcessMemory or WriteProcessMemory request was completed. (0x12B)
[1125/234952.434:ERROR:process_memory_win.cc(73)] ReadMemory at 0x1d6fc257ab0 of 68 bytes failed: Only part of a ReadProcessMemory or WriteProcessMemory request was completed. (0x12B)
[1125/234952.456:ERROR:process_memory_win.cc(73)] ReadMemory at 0x1d6fc258b60 of 132 bytes failed: Only part of a ReadProcessMemory or WriteProcessMemory request was completed. (0x12B)
[1125/234952.457:ERROR:process_memory_win.cc(73)] ReadMemory at 0x1d6fc258cf0 of 152 bytes failed: Only part of a ReadProcessMemory or WriteProcessMemory request was completed. (0x12B)
[1125/234952.457:ERROR:process_memory_win.cc(73)] ReadMemory at 0x1d6fc259980 of 60 bytes failed: Only part of a ReadProcessMemory or WriteProcessMemory request was completed. (0x12B)
[1125/234952.458:ERROR:process_memory_win.cc(73)] ReadMemory at 0x1d6fc25ad10 of 62 bytes failed: Only part of a ReadProcessMemory or WriteProcessMemory request was completed. (0x12B)
[1125/234952.458:ERROR:process_memory_win.cc(73)] ReadMemory at 0x1d6fc25ae70 of 132 bytes failed: Only part of a ReadProcessMemory or WriteProcessMemory request was completed. (0x12B)
[1125/234952.458:ERROR:process_memory_win.cc(73)] ReadMemory at 0x1d6fc26e550 of 132 bytes failed: Only part of a ReadProcessMemory or WriteProcessMemory request was completed. (0x12B)
[1125/234952.458:ERROR:process_memory_win.cc(73)] ReadMemory at 0x1d6fc26ee00 of 76 bytes failed: Only part of a ReadProcessMemory or WriteProcessMemory request was completed. (0x12B)
[1125/234952.459:ERROR:process_memory_win.cc(73)] ReadMemory at 0x1d6fc26f280 of 80 bytes failed: Only part of a ReadProcessMemory or WriteProcessMemory request was completed. (0x12B)
[1125/234952.514:ERROR:process_memory_win.cc(73)] ReadMemory at 0x1d6fc273030 of 80 bytes failed: Only part of a ReadProcessMemory or WriteProcessMemory request was completed. (0x12B)
[1125/234952.515:ERROR:process_memory_win.cc(73)] ReadMemory at 0x1d6fc2754f0 of 132 bytes failed: Only part of a ReadProcessMemory or WriteProcessMemory request was completed. (0x12B)
[1125/234952.516:ERROR:process_memory_win.cc(73)] ReadMemory at 0x1d6fc275620 of 132 bytes failed: Only part of a ReadProcessMemory or WriteProcessMemory request was completed. (0x12B)
[1125/234952.516:ERROR:process_memory_win.cc(73)] ReadMemory at 0x1d6fc275810 of 132 bytes failed: Only part of a ReadProcessMemory or WriteProcessMemory request was completed. (0x12B)
[1125/234952.516:ERROR:process_memory_win.cc(73)] ReadMemory at 0x1d6fc275ad0 of 132 bytes failed: Only part of a ReadProcessMemory or WriteProcessMemory request was completed. (0x12B)
[1125/234952.517:ERROR:process_memory_win.cc(73)] ReadMemory at 0x1d6fc275c00 of 132 bytes failed: Only part of a ReadProcessMemory or WriteProcessMemory request was completed. (0x12B)
[1125/234952.517:ERROR:process_memory_win.cc(73)] ReadMemory at 0x1d6fc276dd0 of 54 bytes failed: Only part of a ReadProcessMemory or WriteProcessMemory request was completed. (0x12B)
[1125/234952.517:ERROR:process_memory_win.cc(73)] ReadMemory at 0x1d6fc2786a0 of 60 bytes failed: Only part of a ReadProcessMemory or WriteProcessMemory request was completed. (0x12B)
[1125/234952.517:ERROR:process_memory_win.cc(73)] ReadMemory at 0x1d6fc278740 of 64 bytes failed: Only part of a ReadProcessMemory or WriteProcessMemory request was completed. (0x12B)
[1125/234952.518:ERROR:process_memory_win.cc(73)] ReadMemory at 0x1d6fc2787e0 of 62 bytes failed: Only part of a ReadProcessMemory or WriteProcessMemory request was completed. (0x12B)
[1125/234952.518:ERROR:process_memory_win.cc(73)] ReadMemory at 0x1d6fc278830 of 62 bytes failed: Only part of a ReadProcessMemory or WriteProcessMemory request was completed. (0x12B)
[1125/234952.518:ERROR:process_memory_win.cc(73)] ReadMemory at 0x1d6fc278920 of 60 bytes failed: Only part of a ReadProcessMemory or WriteProcessMemory request was completed. (0x12B)
[1125/234952.518:ERROR:process_memory_win.cc(73)] ReadMemory at 0x1d6fc2789c0 of 64 bytes failed: Only part of a ReadProcessMemory or WriteProcessMemory request was completed. (0x12B)
[1125/234952.519:ERROR:process_memory_win.cc(73)] ReadMemory at 0x1d6fc278b50 of 64 bytes failed: Only part of a ReadProcessMemory or WriteProcessMemory request was completed. (0x12B)
[1125/234952.519:ERROR:process_memory_win.cc(73)] ReadMemory at 0x1d6fc278bf0 of 62 bytes failed: Only part of a ReadProcessMemory or WriteProcessMemory request was completed. (0x12B)
[1125/234952.519:ERROR:process_memory_win.cc(73)] ReadMemory at 0x1d6fc278c40 of 62 bytes failed: Only part of a ReadProcessMemory or WriteProcessMemory request was completed. (0x12B)
[1125/234952.519:ERROR:process_memory_win.cc(73)] ReadMemory at 0x1d6fc278c90 of 60 bytes failed: Only part of a ReadProcessMemory or WriteProcessMemory request was completed. (0x12B)
[1125/234952.520:ERROR:process_memory_win.cc(73)] ReadMemory at 0x1d6fc278ce0 of 62 bytes failed: Only part of a ReadProcessMemory or WriteProcessMemory request was completed. (0x12B)
[1125/234952.520:ERROR:process_memory_win.cc(73)] ReadMemory at 0x1d6fc278d80 of 66 bytes failed: Only part of a ReadProcessMemory or WriteProcessMemory request was completed. (0x12B)
[1125/234952.520:ERROR:process_memory_win.cc(73)] ReadMemory at 0x1d6fc278e20 of 64 bytes failed: Only part of a ReadProcessMemory or WriteProcessMemory request was completed. (0x12B)
[1125/234952.520:ERROR:process_memory_win.cc(73)] ReadMemory at 0x1d6fc278e70 of 64 bytes failed: Only part of a ReadProcessMemory or WriteProcessMemory request was completed. (0x12B)
[1125/234952.520:ERROR:process_memory_win.cc(73)] ReadMemory at 0x1d6fc278ec0 of 64 bytes failed: Only part of a ReadProcessMemory or WriteProcessMemory request was completed. (0x12B)
[1125/234952.520:ERROR:process_memory_win.cc(73)] ReadMemory at 0x1d6fc278f10 of 62 bytes failed: Only part of a ReadProcessMemory or WriteProcessMemory request was completed. (0x12B)
[1125/234952.521:ERROR:process_memory_win.cc(73)] ReadMemory at 0x1d6fc278f60 of 62 bytes failed: Only part of a ReadProcessMemory or WriteProcessMemory request was completed. (0x12B)
[1125/234952.521:ERROR:process_memory_win.cc(73)] ReadMemory at 0x1d6fc279000 of 60 bytes failed: Only part of a ReadProcessMemory or WriteProcessMemory request was completed. (0x12B)
[1125/234952.611:ERROR:process_memory_win.cc(73)] ReadMemory at 0x1d6fc279050 of 64 bytes failed: Only part of a ReadProcessMemory or WriteProcessMemory request was completed. (0x12B)
[1125/234952.611:ERROR:process_memory_win.cc(73)] ReadMemory at 0x1d6fc2790a0 of 60 bytes failed: Only part of a ReadProcessMemory or WriteProcessMemory request was completed. (0x12B)
[1125/234952.611:ERROR:process_memory_win.cc(73)] ReadMemory at 0x1d6fc279230 of 62 bytes failed: Only part of a ReadProcessMemory or WriteProcessMemory request was completed. (0x12B)
[1125/234952.611:ERROR:process_memory_win.cc(73)] ReadMemory at 0x1d6fc279280 of 66 bytes failed: Only part of a ReadProcessMemory or WriteProcessMemory request was completed. (0x12B)
[1125/234952.611:ERROR:process_memory_win.cc(73)] ReadMemory at 0x1d6fc2792d0 of 62 bytes failed: Only part of a ReadProcessMemory or WriteProcessMemory request was completed. (0x12B)
[1125/234952.612:ERROR:process_memory_win.cc(73)] ReadMemory at 0x1d6fc2793c0 of 58 bytes failed: Only part of a ReadProcessMemory or WriteProcessMemory request was completed. (0x12B)
[1125/234952.612:ERROR:process_memory_win.cc(73)] ReadMemory at 0x1d6fc279550 of 62 bytes failed: Only part of a ReadProcessMemory or WriteProcessMemory request was completed. (0x12B)
[1125/234952.612:ERROR:process_memory_win.cc(73)] ReadMemory at 0x1d6fc2795a0 of 64 bytes failed: Only part of a ReadProcessMemory or WriteProcessMemory request was completed. (0x12B)
[1125/234952.612:ERROR:process_memory_win.cc(73)] ReadMemory at 0x1d6fc2795f0 of 60 bytes failed: Only part of a ReadProcessMemory or WriteProcessMemory request was completed. (0x12B)
[1125/234952.612:ERROR:process_memory_win.cc(73)] ReadMemory at 0x1d6fc279b30 of 144 bytes failed: Only part of a ReadProcessMemory or WriteProcessMemory request was completed. (0x12B)
[1125/234952.612:ERROR:process_memory_win.cc(73)] ReadMemory at 0x1d6fc27ae80 of 132 bytes failed: Only part of a ReadProcessMemory or WriteProcessMemory request was completed. (0x12B)
[1125/234952.613:ERROR:process_memory_win.cc(73)] ReadMemory at 0x1d6fc27b1e0 of 132 bytes failed: Only part of a ReadProcessMemory or WriteProcessMemory request was completed. (0x12B)
[1125/234952.613:ERROR:process_memory_win.cc(73)] ReadMemory at 0x1d6fc27cd80 of 132 bytes failed: Only part of a ReadProcessMemory or WriteProcessMemory request was completed. (0x12B)
[1125/234952.613:ERROR:process_memory_win.cc(73)] ReadMemory at 0x1d6fc27ceb0 of 132 bytes failed: Only part of a ReadProcessMemory or WriteProcessMemory request was completed. (0x12B)
[1125/234952.613:ERROR:process_memory_win.cc(73)] ReadMemory at 0x1d6fc27cfe0 of 132 bytes failed: Only part of a ReadProcessMemory or WriteProcessMemory request was completed. (0x12B)
[1125/234952.613:ERROR:process_memory_win.cc(73)] ReadMemory at 0x1d6fc27d240 of 132 bytes failed: Only part of a ReadProcessMemory or WriteProcessMemory request was completed. (0x12B)
[1125/234952.640:ERROR:process_memory_win.cc(73)] ReadMemory at 0x1d6fc27d370 of 132 bytes failed: Only part of a ReadProcessMemory or WriteProcessMemory request was completed. (0x12B)
[1125/234952.641:ERROR:process_memory_win.cc(73)] ReadMemory at 0x1d6fc27d4a0 of 132 bytes failed: Only part of a ReadProcessMemory or WriteProcessMemory request was completed. (0x12B)
[1125/234952.641:ERROR:process_memory_win.cc(73)] ReadMemory at 0x1d6fc27d5d0 of 132 bytes failed: Only part of a ReadProcessMemory or WriteProcessMemory request was completed. (0x12B)
[1125/234952.644:ERROR:process_memory_win.cc(73)] ReadMemory at 0x1d6fc27d700 of 132 bytes failed: Only part of a ReadProcessMemory or WriteProcessMemory request was completed. (0x12B)
[1125/234952.644:ERROR:process_memory_win.cc(73)] ReadMemory at 0x1d6fc27d830 of 132 bytes failed: Only part of a ReadProcessMemory or WriteProcessMemory request was completed. (0x12B)
[1125/234952.645:ERROR:process_memory_win.cc(73)] ReadMemory at 0x1d6fc27d960 of 132 bytes failed: Only part of a ReadProcessMemory or WriteProcessMemory request was completed. (0x12B)
[1125/234952.645:ERROR:process_memory_win.cc(73)] ReadMemory at 0x1d6fc27da90 of 132 bytes failed: Only part of a ReadProcessMemory or WriteProcessMemory request was completed. (0x12B)
[1125/234952.646:ERROR:process_memory_win.cc(73)] ReadMemory at 0x1d6fc27dbc0 of 132 bytes failed: Only part of a ReadProcessMemory or WriteProcessMemory request was completed. (0x12B)
[1125/234952.646:ERROR:process_memory_win.cc(73)] ReadMemory at 0x1d6fc27fa90 of 132 bytes failed: Only part of a ReadProcessMemory or WriteProcessMemory request was completed. (0x12B)
[1125/234952.646:ERROR:process_memory_win.cc(73)] ReadMemory at 0x1d6fc27fdb0 of 132 bytes failed: Only part of a ReadProcessMemory or WriteProcessMemory request was completed. (0x12B)
[1125/234952.668:ERROR:process_memory_win.cc(73)] ReadMemory at 0x1d6fc280020 of 132 bytes failed: Only part of a ReadProcessMemory or WriteProcessMemory request was completed. (0x12B)
[1125/234952.668:ERROR:process_memory_win.cc(73)] ReadMemory at 0x1d6fc280150 of 132 bytes failed: Only part of a ReadProcessMemory or WriteProcessMemory request was completed. (0x12B)
[1125/234952.668:ERROR:process_memory_win.cc(73)] ReadMemory at 0x1d6fc280460 of 512 bytes failed: Only part of a ReadProcessMemory or WriteProcessMemory request was completed. (0x12B)
[1125/234952.668:ERROR:process_memory_win.cc(73)] ReadMemory at 0x1d6fc280870 of 132 bytes failed: Only part of a ReadProcessMemory or WriteProcessMemory request was completed. (0x12B)
[1125/234952.668:ERROR:process_memory_win.cc(73)] ReadMemory at 0x1d6fc280e60 of 132 bytes failed: Only part of a ReadProcessMemory or WriteProcessMemory request was completed. (0x12B)
[1125/234952.669:ERROR:process_memory_win.cc(73)] ReadMemory at 0x1d6fc280f90 of 132 bytes failed: Only part of a ReadProcessMemory or WriteProcessMemory request was completed. (0x12B)
[1125/234952.669:ERROR:process_memory_win.cc(73)] ReadMemory at 0x1d6fc2810c0 of 132 bytes failed: Only part of a ReadProcessMemory or WriteProcessMemory request was completed. (0x12B)
[1125/234952.670:ERROR:process_memory_win.cc(73)] ReadMemory at 0x1d6fc2816b0 of 132 bytes failed: Only part of a ReadProcessMemory or WriteProcessMemory request was completed. (0x12B)
[1125/234952.670:ERROR:process_memory_win.cc(73)] ReadMemory at 0x1d6fc2817e0 of 132 bytes failed: Only part of a ReadProcessMemory or WriteProcessMemory request was completed. (0x12B)
[1125/234952.671:ERROR:process_memory_win.cc(73)] ReadMemory at 0x1d6fc281b70 of 132 bytes failed: Only part of a ReadProcessMemory or WriteProcessMemory request was completed. (0x12B)
[1125/234952.671:ERROR:process_memory_win.cc(73)] ReadMemory at 0x1d6fc281dd0 of 132 bytes failed: Only part of a ReadProcessMemory or WriteProcessMemory request was completed. (0x12B)
[1125/234952.671:ERROR:process_memory_win.cc(73)] ReadMemory at 0x1d6fc2851b0 of 512 bytes failed: Only part of a ReadProcessMemory or WriteProcessMemory request was completed. (0x12B)
[1125/234952.671:ERROR:process_memory_win.cc(73)] ReadMemory at 0x1d6fc2ce3e0 of 560 bytes failed: Only part of a ReadProcessMemory or WriteProcessMemory request was completed. (0x12B)
[1125/234952.750:ERROR:process_memory_win.cc(73)] ReadMemory at 0x1d6fc2cf6e0 of 512 bytes failed: Only part of a ReadProcessMemory or WriteProcessMemory request was completed. (0x12B)
[1125/234952.751:ERROR:process_memory_win.cc(73)] ReadMemory at 0x1d6fc2eb860 of 512 bytes failed: Only part of a ReadProcessMemory or WriteProcessMemory request was completed. (0x12B)
[1125/234952.751:ERROR:process_memory_win.cc(73)] ReadMemory at 0x1d6fc2f4c50 of 712 bytes failed: Only part of a ReadProcessMemory or WriteProcessMemory request was completed. (0x12B)
[1125/234952.751:ERROR:process_memory_win.cc(73)] ReadMemory at 0x1d6fc312a00 of 512 bytes failed: Only part of a ReadProcessMemory or WriteProcessMemory request was completed. (0x12B)
[1125/234952.751:ERROR:process_memory_win.cc(73)] ReadMemory at 0x1d6fc316220 of 512 bytes failed: Only part of a ReadProcessMemory or WriteProcessMemory request was completed. (0x12B)
[1125/234952.751:ERROR:process_memory_win.cc(73)] ReadMemory at 0x1d6fc318558 of 512 bytes failed: Only part of a ReadProcessMemory or WriteProcessMemory request was completed. (0x12B)
[1125/234952.751:ERROR:process_memory_win.cc(73)] ReadMemory at 0x1d6fc3496a0 of 512 bytes failed: Only part of a ReadProcessMemory or WriteProcessMemory request was completed. (0x12B)
[1125/234952.751:ERROR:process_memory_win.cc(73)] ReadMemory at 0x1d6fc450d00 of 512 bytes failed: Only part of a ReadProcessMemory or WriteProcessMemory request was completed. (0x12B)
[1125/234952.751:ERROR:process_memory_win.cc(73)] ReadMemory at 0x1d6fc452200 of 512 bytes failed: Only part of a ReadProcessMemory or WriteProcessMemory request was completed. (0x12B)
[1125/234952.788:ERROR:process_memory_win.cc(73)] ReadMemory at 0x48c89c65bbc0 of 552 bytes failed: Only part of a ReadProcessMemory or WriteProcessMemory request was completed. (0x12B)
[1125/234952.788:ERROR:process_memory_win.cc(73)] ReadMemory at 0x54f12229c468 of 512 bytes failed: Only part of a ReadProcessMemory or WriteProcessMemory request was completed. (0x12B)
[1125/234952.789:ERROR:process_memory_win.cc(73)] ReadMemory at 0x54f1222e4370 of 512 bytes failed: Only part of a ReadProcessMemory or WriteProcessMemory request was completed. (0x12B)
[1125/234952.789:ERROR:process_memory_win.cc(73)] ReadMemory at 0x54f1279eff80 of 512 bytes failed: Only part of a ReadProcessMemory or WriteProcessMemory request was completed. (0x12B)
[1125/234952.840:ERROR:process_memory_win.cc(73)] ReadMemory at 0x54f154fbf020 of 600 bytes failed: Only part of a ReadProcessMemory or WriteProcessMemory request was completed. (0x12B)
[1125/234952.840:ERROR:process_memory_win.cc(73)] ReadMemory at 0x7fff4e79d783 of 512 bytes failed: Only part of a ReadProcessMemory or WriteProcessMemory request was completed. (0x12B)
[1125/234952.840:ERROR:process_memory_win.cc(73)] ReadMemory at 0x7fff5139d708 of 512 bytes failed: Only part of a ReadProcessMemory or WriteProcessMemory request was completed. (0x12B)
[1125/234952.840:ERROR:process_memory_win.cc(73)] ReadMemory at 0x7fff5326a8d7 of 512 bytes failed: Only part of a ReadProcessMemory or WriteProcessMemory request was completed. (0x12B)
[1125/234952.840:ERROR:process_memory_win.cc(73)] ReadMemory at 0x7fff880a1f80 of 512 bytes failed: Only part of a ReadProcessMemory or WriteProcessMemory request was completed. (0x12B)
[1125/234952.881:ERROR:process_memory_win.cc(73)] ReadMemory at 0x7fff8995c074 of 672 bytes failed: Only part of a ReadProcessMemory or WriteProcessMemory request was completed. (0x12B)
[1125/234952.881:ERROR:process_memory_win.cc(73)] ReadMemory at 0x7fff8995f924 of 608 bytes failed: Only part of a ReadProcessMemory or WriteProcessMemory request was completed. (0x12B)
[1125/234952.881:ERROR:process_memory_win.cc(73)] ReadMemory at 0x7fff899ec428 of 18 bytes failed: Only part of a ReadProcessMemory or WriteProcessMemory request was completed. (0x12B)
[1125/234952.882:ERROR:process_memory_win.cc(73)] ReadMemory at 0x7fff89a1f4f8 of 40 bytes failed: Only part of a ReadProcessMemory or WriteProcessMemory request was completed. (0x12B)
[1125/234952.882:ERROR:process_memory_win.cc(73)] ReadMemory at 0x7fff89a1f978 of 48 bytes failed: Only part of a ReadProcessMemory or WriteProcessMemory request was completed. (0x12B)
[1125/234952.882:ERROR:process_memory_win.cc(73)] ReadMemory at 0x7fff89a253c0 of 64 bytes failed: Only part of a ReadProcessMemory or WriteProcessMemory request was completed. (0x12B)
[1125/234952.927:ERROR:scoped_process_suspend.cc(40)] NtResumeProcess: An attempt was made to access an exiting process. (0xc000010a)
[1127/063411.901:ERROR:directory_reader_win.cc(43)] FindFirstFile: The system cannot find the path specified. (0x3)
